Change Component Designator: Old Designator=C? New Designator=C4000
Change Component Designator: Old Designator=C? New Designator=C4001
Change Component Designator: Old Designator=C? New Designator=C4002
Change Component Designator: Old Designator=C? New Designator=C4003
Change Component Designator: Old Designator=C? New Designator=C4004
Change Component Designator: Old Designator=C? New Designator=C4005
Change Component Designator: Old Designator=C? New Designator=C4006
Change Component Designator: Old Designator=C? New Designator=C4007
Change Component Designator: Old Designator=C? New Designator=C4008
Change Component Designator: Old Designator=C? New Designator=C4009
Change Component Designator: Old Designator=C? New Designator=C4010
Change Component Designator: Old Designator=C? New Designator=C4011
Change Component Designator: Old Designator=C? New Designator=C4012
Change Component Designator: Old Designator=C? New Designator=C4013
Change Component Designator: Old Designator=C? New Designator=C4014
Change Component Designator: Old Designator=C? New Designator=C4015
Change Component Designator: Old Designator=C? New Designator=C4016
Change Component Designator: Old Designator=C? New Designator=C4017
Change Component Designator: Old Designator=C? New Designator=C4018
Change Component Designator: Old Designator=C? New Designator=C4019
Change Component Designator: Old Designator=C? New Designator=C4020
Change Component Designator: Old Designator=C? New Designator=C4021
Change Component Designator: Old Designator=C? New Designator=C4022
Change Component Designator: Old Designator=C? New Designator=C4023
Change Component Designator: Old Designator=C? New Designator=C4024
Change Component Designator: Old Designator=C? New Designator=C4025
Change Component Designator: Old Designator=C? New Designator=C4026
Change Component Designator: Old Designator=C? New Designator=C4027
Change Component Designator: Old Designator=C? New Designator=C4028
Change Component Designator: Old Designator=C? New Designator=C4029
Change Component Designator: Old Designator=C? New Designator=C4030
Change Component Designator: Old Designator=C? New Designator=C4031
Change Component Designator: Old Designator=C? New Designator=C4032
Change Component Designator: Old Designator=CSN? New Designator=CSN4000
Change Component Designator: Old Designator=IC? New Designator=IC4000
Change Component Designator: Old Designator=L? New Designator=L4000
Change Component Designator: Old Designator=L? New Designator=L4001
Change Component Designator: Old Designator=Q? New Designator=Q4000
Change Component Designator: Old Designator=Q? New Designator=Q4001
Change Component Designator: Old Designator=Q? New Designator=Q4002
Change Component Designator: Old Designator=Q? New Designator=Q4003
Change Component Designator: Old Designator=R? New Designator=R4000
Change Component Designator: Old Designator=R? New Designator=R4001
Change Component Designator: Old Designator=R? New Designator=R4002
Change Component Designator: Old Designator=R? New Designator=R4003
Change Component Designator: Old Designator=R? New Designator=R4004
Change Component Designator: Old Designator=R? New Designator=R4005
Change Component Designator: Old Designator=R? New Designator=R4006
Change Component Designator: Old Designator=R? New Designator=R4007
Change Component Designator: Old Designator=RQ? New Designator=RQ4000
Change Component Designator: Old Designator=RQ? New Designator=RQ4001
Change Component Designator: Old Designator=RQ? New Designator=RQ4002
Change Component Designator: Old Designator=RQ? New Designator=RQ4003
Change Component Designator: Old Designator=RSN? New Designator=RSN4000
Change Component Designator: Old Designator=RUV? New Designator=RUV4000
Change Component Designator: Old Designator=RUV? New Designator=RUV4001
Change Component Designator: Old Designator=SD? New Designator=SD4000
Change Component Designator: Old Designator=TP? New Designator=TP4000
Change Component Designator: Old Designator=TP? New Designator=TP4001
Change Component Designator: Old Designator=TP? New Designator=TP4002
Change Component Designator: Old Designator=TP? New Designator=TP4003
Change Component Designator: Old Designator=TP? New Designator=TP4004
Change Component Designator: Old Designator=TP? New Designator=TP4005
Change Component Designator: Old Designator=TP? New Designator=TP4006
Change Component Designator: Old Designator=TP? New Designator=TP4007
Change Component Designator: Old Designator=TP? New Designator=TP4008
Change Component Designator: Old Designator=TP? New Designator=TP4009
Change Component Designator: Old Designator=TP? New Designator=TP4010
Change Component Designator: Old Designator=TP? New Designator=TP4011
