Change Component Designator: Old Designator=C? New Designator=C7000
Change Component Designator: Old Designator=C? New Designator=C7001
Change Component Designator: Old Designator=C? New Designator=C7002
Change Component Designator: Old Designator=C? New Designator=C7003
Change Component Designator: Old Designator=C? New Designator=C7004
Change Component Designator: Old Designator=C? New Designator=C7005
Change Component Designator: Old Designator=C? New Designator=C7006
Change Component Designator: Old Designator=C? New Designator=C7007
Change Component Designator: Old Designator=C? New Designator=C7008
Change Component Designator: Old Designator=C? New Designator=C7009
Change Component Designator: Old Designator=C? New Designator=C7010
Change Component Designator: Old Designator=C? New Designator=C7011
Change Component Designator: Old Designator=C? New Designator=C7012
Change Component Designator: Old Designator=C? New Designator=C7013
Change Component Designator: Old Designator=C? New Designator=C7014
Change Component Designator: Old Designator=C? New Designator=C7015
Change Component Designator: Old Designator=IC? New Designator=IC7000
Change Component Designator: Old Designator=L? New Designator=L7000
Change Component Designator: Old Designator=R? New Designator=R7000
Change Component Designator: Old Designator=R? New Designator=R7001
Change Component Designator: Old Designator=R? New Designator=R7002
Change Component Designator: Old Designator=R? New Designator=R7003
Change Component Designator: Old Designator=R? New Designator=R7004
Change Component Designator: Old Designator=R? New Designator=R7005
Change Component Designator: Old Designator=R? New Designator=R7006
Change Component Designator: Old Designator=R? New Designator=R7007
Change Component Designator: Old Designator=R? New Designator=R7008
Change Component Designator: Old Designator=TP? New Designator=TP7000
Change Component Designator: Old Designator=TP? New Designator=TP7001
Change Component Designator: Old Designator=TP? New Designator=TP7002
Change Component Designator: Old Designator=TP? New Designator=TP7003
Change Component Designator: Old Designator=TP? New Designator=TP7004
Change Component Designator: Old Designator=TP? New Designator=TP7005
Change Component Designator: Old Designator=TP? New Designator=TP7006
Change Component Designator: Old Designator=TP? New Designator=TP7007
Change Component Designator: Old Designator=TP? New Designator=TP7008
Change Component Designator: Old Designator=TP? New Designator=TP7009
