Change Component Designator: Old Designator=C? New Designator=C5000
Change Component Designator: Old Designator=C? New Designator=C5001
Change Component Designator: Old Designator=C? New Designator=C5002
Change Component Designator: Old Designator=C? New Designator=C5003
Change Component Designator: Old Designator=C? New Designator=C5004
Change Component Designator: Old Designator=C? New Designator=C5005
Change Component Designator: Old Designator=C? New Designator=C5006
Change Component Designator: Old Designator=C? New Designator=C5007
Change Component Designator: Old Designator=C? New Designator=C5008
Change Component Designator: Old Designator=C? New Designator=C5009
Change Component Designator: Old Designator=C? New Designator=C5010
Change Component Designator: Old Designator=C? New Designator=C5011
Change Component Designator: Old Designator=IC? New Designator=IC5000
Change Component Designator: Old Designator=L? New Designator=L5000
Change Component Designator: Old Designator=R? New Designator=R5000
Change Component Designator: Old Designator=R? New Designator=R5001
Change Component Designator: Old Designator=R? New Designator=R5002
Change Component Designator: Old Designator=R? New Designator=R5003
Change Component Designator: Old Designator=R? New Designator=R5004
Change Component Designator: Old Designator=R? New Designator=R5005
Change Component Designator: Old Designator=R? New Designator=R5006
Change Component Designator: Old Designator=R? New Designator=R5007
Change Component Designator: Old Designator=R? New Designator=R5008
Change Component Designator: Old Designator=R? New Designator=R5009
Change Component Designator: Old Designator=R? New Designator=R5010
Change Component Designator: Old Designator=TP? New Designator=TP5000
Change Component Designator: Old Designator=TP? New Designator=TP5001
Change Component Designator: Old Designator=TP? New Designator=TP5002
Change Component Designator: Old Designator=TP? New Designator=TP5003
Change Component Designator: Old Designator=TP? New Designator=TP5004
Change Component Designator: Old Designator=TP? New Designator=TP5005
Change Component Designator: Old Designator=TP? New Designator=TP5006
Change Component Designator: Old Designator=TP? New Designator=TP5007
Change Component Designator: Old Designator=TP? New Designator=TP5008
Change Component Designator: Old Designator=TP? New Designator=TP5009
