Change Component Designator: Old Designator=C1 New Designator=C3000
Change Component Designator: Old Designator=C2 New Designator=C3001
Change Component Designator: Old Designator=C3 New Designator=C3002
Change Component Designator: Old Designator=C4 New Designator=C3003
Change Component Designator: Old Designator=C5 New Designator=C3004
Change Component Designator: Old Designator=C6 New Designator=C3005
Change Component Designator: Old Designator=C7 New Designator=C3006
Change Component Designator: Old Designator=C8 New Designator=C3007
Change Component Designator: Old Designator=C9 New Designator=C3008
Change Component Designator: Old Designator=C10 New Designator=C3009
Change Component Designator: Old Designator=IC1 New Designator=IC3000
Change Component Designator: Old Designator=IC2 New Designator=IC3001
Change Component Designator: Old Designator=J1 New Designator=J3000
Change Component Designator: Old Designator=Q1 New Designator=Q3000
Change Component Designator: Old Designator=Q2 New Designator=Q3001
Change Component Designator: Old Designator=R1 New Designator=R3000
Change Component Designator: Old Designator=R2 New Designator=R3001
Change Component Designator: Old Designator=R3 New Designator=R3002
Change Component Designator: Old Designator=R4 New Designator=R3003
Change Component Designator: Old Designator=R5 New Designator=R3004
Change Component Designator: Old Designator=R6 New Designator=R3005
Change Component Designator: Old Designator=TP1 New Designator=TP3000
Change Component Designator: Old Designator=TP2 New Designator=TP3001
Change Component Designator: Old Designator=TVS1 New Designator=TVS3000
